  Program
C:\Program(1,1): error C1083: Cannot open source file: 'C:\Program': No such file or directory
  (compiling source file 'C:/Program')
  
  Microsoft
/Files/Microsoft(1,1): error C1083: Cannot open source file: 'Files\Microsoft': No such file or directory
  (compiling source file '/Files/Microsoft')
  
  Visual
/Visual(1,1): error C1083: Cannot open source file: 'Visual': No such file or directory
  (compiling source file '/Visual')
  
/Studio/2022/Community/VC/Tools/MSVC/14.39.33519/bin/Hostx64/x64/(1,1): error C1083: Cannot open source file: 'Studio\2022\Community\VC\Tools\MSVC\14.39.33519\bin\Hostx64\x64\': No such file or directory
  (compiling source file '/Studio/2022/Community/VC/Tools/MSVC/14.39.33519/bin/Hostx64/x64/')
  
  AES.cpp
D:\ProjectMMH\LabOffClass\Lab_1_2_Offclass\Lab_1_2_Offclass\aes_manual\AES.cpp(366,30): warning C4267: 'argument': conversion from 'size_t' to 'int', possible loss of data
D:\ProjectMMH\LabOffClass\Lab_1_2_Offclass\Lab_1_2_Offclass\aes_manual\AES.cpp(372,26): warning C4267: 'argument': conversion from 'size_t' to 'int', possible loss of data
D:\ProjectMMH\LabOffClass\Lab_1_2_Offclass\Lab_1_2_Offclass\aes_manual\AES.cpp(401,26): warning C4267: 'argument': conversion from 'size_t' to 'int', possible loss of data
D:\ProjectMMH\LabOffClass\Lab_1_2_Offclass\Lab_1_2_Offclass\aes_manual\AES.cpp(408,30): warning C4267: 'argument': conversion from 'size_t' to 'int', possible loss of data
  CBC.cpp
  main.cpp
D:\ProjectMMH\LabOffClass\Lab_1_2_Offclass\Lab_1_2_Offclass\aes_manual\main.cpp(141,21): warning C4267: '=': conversion from 'size_t' to 'int', possible loss of data
  Generating Code...
