c:\users\thien\onedrive - trường đh cntt - university of information technology\đại học công nghệ thông tin\năm 2\hk2\mật mã học\thực hành\lab_1_2_offclass\aes_manual\aes_manual\aes_manual\x64\debug\vc143.pdb
c:\users\thien\onedrive - trường đh cntt - university of information technology\đại học công nghệ thông tin\năm 2\hk2\mật mã học\thực hành\lab_1_2_offclass\aes_manual\aes_manual\aes_manual\x64\debug\vc143.idb
c:\users\thien\onedrive - trường đh cntt - university of information technology\đại học công nghệ thông tin\năm 2\hk2\mật mã học\thực hành\lab_1_2_offclass\aes_manual\aes_manual\aes_manual\x64\debug\main.obj
c:\users\thien\onedrive - trường đh cntt - university of information technology\đại học công nghệ thông tin\năm 2\hk2\mật mã học\thực hành\lab_1_2_offclass\aes_manual\aes_manual\aes_manual\x64\debug\cbc.obj
c:\users\thien\onedrive - trường đh cntt - university of information technology\đại học công nghệ thông tin\năm 2\hk2\mật mã học\thực hành\lab_1_2_offclass\aes_manual\aes_manual\aes_manual\x64\debug\aes.obj
d:\projectmmh\laboffclass\lab_1_2_offclass\lab_1_2_offclass\aes_manual\aes_manual\aes_manual\x64\debug\vc143.pdb
d:\projectmmh\laboffclass\lab_1_2_offclass\lab_1_2_offclass\aes_manual\aes_manual\aes_manual\x64\debug\vc143.idb
d:\projectmmh\laboffclass\lab_1_2_offclass\lab_1_2_offclass\aes_manual\aes_manual\aes_manual\x64\debug\main.obj
d:\projectmmh\laboffclass\lab_1_2_offclass\lab_1_2_offclass\aes_manual\aes_manual\aes_manual\x64\debug\cbc.obj
d:\projectmmh\laboffclass\lab_1_2_offclass\lab_1_2_offclass\aes_manual\aes_manual\aes_manual\x64\debug\aes.obj
c:\users\thien\onedrive - trường đh cntt - university of information technology\đại học công nghệ thông tin\năm 2\hk2\mật mã học\thực hành\lab_1_2_offclass\aes_manual\aes_manual\x64\debug\aes_manual.exe
c:\users\thien\onedrive - trường đh cntt - university of information technology\đại học công nghệ thông tin\năm 2\hk2\mật mã học\thực hành\lab_1_2_offclass\aes_manual\aes_manual\x64\debug\aes_manual.pdb
c:\users\thien\onedrive - trường đh cntt - university of information technology\đại học công nghệ thông tin\năm 2\hk2\mật mã học\thực hành\lab_1_2_offclass\aes_manual\aes_manual\x64\debug\aes_manual.lib
c:\users\thien\onedrive - trường đh cntt - university of information technology\đại học công nghệ thông tin\năm 2\hk2\mật mã học\thực hành\lab_1_2_offclass\aes_manual\aes_manual\x64\debug\aes_manual.exp
c:\users\thien\onedrive - trường đh cntt - university of information technology\đại học công nghệ thông tin\năm 2\hk2\mật mã học\thực hành\lab_1_2_offclass\aes_manual\aes_manual\aes_manual\x64\debug\aes_manual.ilk
d:\projectmmh\laboffclass\lab_1_2_offclass\lab_1_2_offclass\aes_manual\aes_manual\aes_manual\x64\debug\aes_manual.ilk
d:\projectmmh\laboffclass\lab_1_2_offclass\lab_1_2_offclass\aes_manual\aes_manual\x64\debug\aes_manual.pdb
d:\projectmmh\laboffclass\lab_1_2_offclass\lab_1_2_offclass\aes_manual\aes_manual\x64\debug\aes_manual.exe
d:\projectmmh\laboffclass\lab_1_2_offclass\lab_1_2_offclass\aes_manual\aes_manual\aes_manual\x64\debug\aes_manual.tlog\cl.command.1.tlog
d:\projectmmh\laboffclass\lab_1_2_offclass\lab_1_2_offclass\aes_manual\aes_manual\aes_manual\x64\debug\aes_manual.tlog\cl.items.tlog
d:\projectmmh\laboffclass\lab_1_2_offclass\lab_1_2_offclass\aes_manual\aes_manual\aes_manual\x64\debug\aes_manual.tlog\cl.read.1.tlog
d:\projectmmh\laboffclass\lab_1_2_offclass\lab_1_2_offclass\aes_manual\aes_manual\aes_manual\x64\debug\aes_manual.tlog\cl.write.1.tlog
d:\projectmmh\laboffclass\lab_1_2_offclass\lab_1_2_offclass\aes_manual\aes_manual\aes_manual\x64\debug\aes_manual.tlog\link.command.1.tlog
d:\projectmmh\laboffclass\lab_1_2_offclass\lab_1_2_offclass\aes_manual\aes_manual\aes_manual\x64\debug\aes_manual.tlog\link.read.1.tlog
d:\projectmmh\laboffclass\lab_1_2_offclass\lab_1_2_offclass\aes_manual\aes_manual\aes_manual\x64\debug\aes_manual.tlog\link.secondary.1.tlog
d:\projectmmh\laboffclass\lab_1_2_offclass\lab_1_2_offclass\aes_manual\aes_manual\aes_manual\x64\debug\aes_manual.tlog\link.write.1.tlog
