c:\users\thien\uit\nam_2\hoc_ky_2\mat_ma_hoc\lab\aes_manual_dll\aes_manual_dll\x64\debug\aes_manual_dll.pch
c:\users\thien\uit\nam_2\hoc_ky_2\mat_ma_hoc\lab\aes_manual_dll\aes_manual_dll\x64\debug\vc143.pdb
c:\users\thien\uit\nam_2\hoc_ky_2\mat_ma_hoc\lab\aes_manual_dll\aes_manual_dll\x64\debug\vc143.idb
c:\users\thien\uit\nam_2\hoc_ky_2\mat_ma_hoc\lab\aes_manual_dll\aes_manual_dll\x64\debug\pch.obj
c:\users\thien\uit\nam_2\hoc_ky_2\mat_ma_hoc\lab\aes_manual_dll\aes_manual_dll\x64\debug\main.obj
c:\users\thien\uit\nam_2\hoc_ky_2\mat_ma_hoc\lab\aes_manual_dll\aes_manual_dll\x64\debug\dllmain.obj
c:\users\thien\uit\nam_2\hoc_ky_2\mat_ma_hoc\lab\aes_manual_dll\aes_manual_dll\x64\debug\cbc.obj
c:\users\thien\uit\nam_2\hoc_ky_2\mat_ma_hoc\lab\aes_manual_dll\aes_manual_dll\x64\debug\aes.obj
c:\users\thien\uit\nam_2\hoc_ky_2\mat_ma_hoc\lab\aes_manual_dll\x64\debug\aes_manual_dll.dll
c:\users\thien\uit\nam_2\hoc_ky_2\mat_ma_hoc\lab\aes_manual_dll\x64\debug\aes_manual_dll.pdb
c:\users\thien\uit\nam_2\hoc_ky_2\mat_ma_hoc\lab\aes_manual_dll\x64\debug\aes_manual_dll.lib
c:\users\thien\uit\nam_2\hoc_ky_2\mat_ma_hoc\lab\aes_manual_dll\x64\debug\aes_manual_dll.exp
c:\users\thien\uit\nam_2\hoc_ky_2\mat_ma_hoc\lab\aes_manual_dll\aes_manual_dll\x64\debug\aes_manual_dll.ilk
c:\users\thien\uit\nam_2\hoc_ky_2\mat_ma_hoc\lab\aes_manual_dll\aes_manual_dll\x64\debug\aes_manual_dll.tlog\cl.command.1.tlog
c:\users\thien\uit\nam_2\hoc_ky_2\mat_ma_hoc\lab\aes_manual_dll\aes_manual_dll\x64\debug\aes_manual_dll.tlog\cl.items.tlog
c:\users\thien\uit\nam_2\hoc_ky_2\mat_ma_hoc\lab\aes_manual_dll\aes_manual_dll\x64\debug\aes_manual_dll.tlog\cl.read.1.tlog
c:\users\thien\uit\nam_2\hoc_ky_2\mat_ma_hoc\lab\aes_manual_dll\aes_manual_dll\x64\debug\aes_manual_dll.tlog\cl.write.1.tlog
c:\users\thien\uit\nam_2\hoc_ky_2\mat_ma_hoc\lab\aes_manual_dll\aes_manual_dll\x64\debug\aes_manual_dll.tlog\link.command.1.tlog
c:\users\thien\uit\nam_2\hoc_ky_2\mat_ma_hoc\lab\aes_manual_dll\aes_manual_dll\x64\debug\aes_manual_dll.tlog\link.read.1.tlog
c:\users\thien\uit\nam_2\hoc_ky_2\mat_ma_hoc\lab\aes_manual_dll\aes_manual_dll\x64\debug\aes_manual_dll.tlog\link.secondary.1.tlog
c:\users\thien\uit\nam_2\hoc_ky_2\mat_ma_hoc\lab\aes_manual_dll\aes_manual_dll\x64\debug\aes_manual_dll.tlog\link.write.1.tlog
